Using pre-set license
Built from '2020.3/release' branch; Version is '2020.3.12f1 (b3b2c6512326) revision 11776710'; Using compiler version '192528614'; Build Type 'Release'
OS: 'Windows 10 Pro; OS build 19042.1052; Version 2009; 64bit' Language: 'ja' Physical Memory: 8048 MB
BatchMode: 1, IsHumanControllingUs: 0, StartBugReporterOnCrash: 0, Is64bit: 1, IsPro: 0

 COMMAND LINE ARGUMENTS:
C:\Program Files\Unity\Hub\Editor\2020.3.12f1\Editor\Unity.exe
-adb2
-batchMode
-noUpm
-name
AssetImportWorker0
-projectPath
C:/Users/user/Desktop/SandGuardians/Sand_Guardians
-logFile
Logs/AssetImportWorker0.log
-srvPort
49905
Successfully changed project path to: C:/Users/user/Desktop/SandGuardians/Sand_Guardians
C:/Users/user/Desktop/SandGuardians/Sand_Guardians
Using Asset Import Pipeline V2.
Refreshing native plugins compatible for Editor in 86.75 ms, found 3 plugins.
Preloading 0 native plugins for Editor in 0.00 ms.
Initialize engine version: 2020.3.12f1 (b3b2c6512326)
[Subsystems] Discovering subsystems at path C:/Program Files/Unity/Hub/Editor/2020.3.12f1/Editor/Data/Resources/UnitySubsystems
[Subsystems] Discovering subsystems at path C:/Users/user/Desktop/SandGuardians/Sand_Guardians/Assets
GfxDevice: creating device client; threaded=0
Direct3D:
    Version:  Direct3D 11.0 [level 11.1]
    Renderer: Intel(R) UHD Graphics 620 (ID=0x5917)
    Vendor:   
    VRAM:     4024 MB
    Driver:   27.20.100.7988
Initialize mono
Mono path[0] = 'C:/Program Files/Unity/Hub/Editor/2020.3.12f1/Editor/Data/Managed'
Mono path[1] = 'C:/Program Files/Unity/Hub/Editor/2020.3.12f1/Editor/Data/MonoBleedingEdge/lib/mono/unityjit'
Mono config path = 'C:/Program Files/Unity/Hub/Editor/2020.3.12f1/Editor/Data/MonoBleedingEdge/etc'
Using monoOptions --debugger-agent=transport=dt_socket,embedding=1,server=y,suspend=n,address=127.0.0.1:56800
Begin MonoManager ReloadAssembly
Registering precompiled unity dll's ...
Register platform support module: C:/Program Files/Unity/Hub/Editor/2020.3.12f1/Editor/Data/PlaybackEngines/WindowsStandaloneSupport/UnityEditor.WindowsStandalone.Extensions.dll
Registered in 0.004187 seconds.
Native extension for WindowsStandalone target not found
Refreshing native plugins compatible for Editor in 50.26 ms, found 3 plugins.
Preloading 0 native plugins for Editor in 0.00 ms.
Mono: successfully reloaded assembly
- Completed reload, in  2.148 seconds
Platform modules already initialized, skipping
Registering precompiled user dll's ...
Registered in 0.010548 seconds.
Begin MonoManager ReloadAssembly
Native extension for WindowsStandalone target not found
Refreshing native plugins compatible for Editor in 52.17 ms, found 3 plugins.
Preloading 0 native plugins for Editor in 0.00 ms.
Mono: successfully reloaded assembly
- Completed reload, in  1.369 seconds
Platform modules already initialized, skipping
========================================================================
Worker process is ready to serve import requests
Launched and connected shader compiler UnityShaderCompiler.exe after 0.08 seconds
Refreshing native plugins compatible for Editor in 0.50 ms, found 3 plugins.
Preloading 0 native plugins for Editor in 0.00 ms.
Unloading 2238 Unused Serialized files (Serialized files now loaded: 0)
System memory in use before: 102.5 MB.
System memory in use after: 102.6 MB.

Unloading 28 unused Assets to reduce memory usage. Loaded Objects now: 2681.
Total: 2.545500 ms (FindLiveObjects: 0.225400 ms CreateObjectMapping: 0.107700 ms MarkObjects: 2.092200 ms  DeleteObjects: 0.118800 ms)

AssetImportParameters requested are different than current active one (requested -> active):
  custom:framework-win-MediaFoundation: 216162199b28c13a410421893ffa2e32 -> 
  custom:video-decoder-ogg-theora: a1e56fd34408186e4bbccfd4996cb3dc -> 
  custom:container-muxer-webm: aa71ff27fc2769a1b78a27578f13a17b -> 
  custom:container-demuxer-webm: 4f35f7cbe854078d1ac9338744f61a02 -> 
  custom:container-demuxer-ogg: 62fdf1f143b41e24485cea50d1cbac27 -> 
  custom:video-encoder-webm-vp8: eb34c28f22e8b96e1ab97ce403110664 -> 
  custom:video-decoder-webm-vp8: 9c59270c3fd7afecdb556c50c9e8de78 -> 
  custom:audio-decoder-ogg-vorbis: bf7c407c2cedff20999df2af8eb42d56 -> 
  custom:audio-encoder-webm-vorbis: bf7c407c2cedff20999df2af8eb42d56 -> 
========================================================================
Received Import Request.
  path: Assets/Scripts/Player/PlayerAttack.cs
  artifactKey: Guid(83d85ca9fbcae894596eaf9d04c19b1f) Importer(815301076,1909f56bfc062723c751e8b465ee728b)
Start importing Assets/Scripts/Player/PlayerAttack.cs using Guid(83d85ca9fbcae894596eaf9d04c19b1f) Importer(815301076,1909f56bfc062723c751e8b465ee728b)  -> (artifact id: 'bd2839b9fe0e0953e0a9232e9e559688') in 0.057261 seconds 
  Import took 0.062400 seconds .

========================================================================
Received Import Request.
  Time since last request: 32.045867 seconds.
  path: Assets/Scripts/Player/PlayerAttack.cs
  artifactKey: Guid(83d85ca9fbcae894596eaf9d04c19b1f) Importer(815301076,1909f56bfc062723c751e8b465ee728b)
Start importing Assets/Scripts/Player/PlayerAttack.cs using Guid(83d85ca9fbcae894596eaf9d04c19b1f) Importer(815301076,1909f56bfc062723c751e8b465ee728b)  -> (artifact id: 'f1390592b05af86ed05d8580d7c96630') in 0.004347 seconds 
  Import took 0.010166 seconds .

========================================================================
Received Import Request.
  Time since last request: 17.300592 seconds.
  path: Assets/Scripts/Player/PlayerAttack.cs
  artifactKey: Guid(83d85ca9fbcae894596eaf9d04c19b1f) Importer(815301076,1909f56bfc062723c751e8b465ee728b)
Start importing Assets/Scripts/Player/PlayerAttack.cs using Guid(83d85ca9fbcae894596eaf9d04c19b1f) Importer(815301076,1909f56bfc062723c751e8b465ee728b)  -> (artifact id: 'f133d4c4b63ab01e36d89c1e83686dd8') in 0.004042 seconds 
  Import took 0.009101 seconds .

========================================================================
Received Import Request.
  Time since last request: 6.448094 seconds.
  path: Assets/Scripts/Player/PlayerAttack.cs
  artifactKey: Guid(83d85ca9fbcae894596eaf9d04c19b1f) Importer(815301076,1909f56bfc062723c751e8b465ee728b)
Start importing Assets/Scripts/Player/PlayerAttack.cs using Guid(83d85ca9fbcae894596eaf9d04c19b1f) Importer(815301076,1909f56bfc062723c751e8b465ee728b)  -> (artifact id: 'eeed3454d110e7ef8cc52896fdf89a80') in 0.003707 seconds 
  Import took 0.010525 seconds .

========================================================================
Received Import Request.
  Time since last request: 22.370108 seconds.
  path: Assets/Scripts/Player/PlayerAttack.cs
  artifactKey: Guid(83d85ca9fbcae894596eaf9d04c19b1f) Importer(815301076,1909f56bfc062723c751e8b465ee728b)
Start importing Assets/Scripts/Player/PlayerAttack.cs using Guid(83d85ca9fbcae894596eaf9d04c19b1f) Importer(815301076,1909f56bfc062723c751e8b465ee728b)  -> (artifact id: '75543fcba564fa5de9ebcd209919b7c8') in 0.003952 seconds 
  Import took 0.011618 seconds .

========================================================================
Received Import Request.
  Time since last request: 16.461100 seconds.
  path: Assets/Scripts/Player/PlayerAttack.cs
  artifactKey: Guid(83d85ca9fbcae894596eaf9d04c19b1f) Importer(815301076,1909f56bfc062723c751e8b465ee728b)
Start importing Assets/Scripts/Player/PlayerAttack.cs using Guid(83d85ca9fbcae894596eaf9d04c19b1f) Importer(815301076,1909f56bfc062723c751e8b465ee728b)  -> (artifact id: '592373c453342bd9048a018f2ad7a61d') in 0.004785 seconds 
  Import took 0.011440 seconds .

========================================================================
Received Import Request.
  Time since last request: 352.932677 seconds.
  path: Assets/Scripts/Player/PlayerAttack.cs
  artifactKey: Guid(83d85ca9fbcae894596eaf9d04c19b1f) Importer(815301076,1909f56bfc062723c751e8b465ee728b)
Start importing Assets/Scripts/Player/PlayerAttack.cs using Guid(83d85ca9fbcae894596eaf9d04c19b1f) Importer(815301076,1909f56bfc062723c751e8b465ee728b)  -> (artifact id: '9a693385c4440f26fc5e28ed5049b4e0') in 0.003525 seconds 
  Import took 0.010800 seconds .

========================================================================
Received Prepare
Registering precompiled user dll's ...
Registered in 0.004475 seconds.
Begin MonoManager ReloadAssembly
Native extension for WindowsStandalone target not found
Refreshing native plugins compatible for Editor in 0.60 ms, found 3 plugins.
Preloading 0 native plugins for Editor in 0.00 ms.
Mono: successfully reloaded assembly
- Completed reload, in  1.292 seconds
Platform modules already initialized, skipping
Refreshing native plugins compatible for Editor in 0.62 ms, found 3 plugins.
Preloading 0 native plugins for Editor in 0.00 ms.
Unloading 2201 Unused Serialized files (Serialized files now loaded: 0)
System memory in use before: 99.3 MB.
System memory in use after: 99.4 MB.

Unloading 16 unused Assets to reduce memory usage. Loaded Objects now: 2685.
Total: 2.690600 ms (FindLiveObjects: 0.245000 ms CreateObjectMapping: 0.082900 ms MarkObjects: 2.342100 ms  DeleteObjects: 0.019500 ms)

AssetImportParameters requested are different than current active one (requested -> active):
  custom:framework-win-MediaFoundation: 216162199b28c13a410421893ffa2e32 -> 
  custom:video-decoder-ogg-theora: a1e56fd34408186e4bbccfd4996cb3dc -> 
  custom:container-muxer-webm: aa71ff27fc2769a1b78a27578f13a17b -> 
  custom:container-demuxer-webm: 4f35f7cbe854078d1ac9338744f61a02 -> 
  custom:container-demuxer-ogg: 62fdf1f143b41e24485cea50d1cbac27 -> 
  custom:video-encoder-webm-vp8: eb34c28f22e8b96e1ab97ce403110664 -> 
  custom:video-decoder-webm-vp8: 9c59270c3fd7afecdb556c50c9e8de78 -> 
  custom:audio-decoder-ogg-vorbis: bf7c407c2cedff20999df2af8eb42d56 -> 
  custom:audio-encoder-webm-vorbis: bf7c407c2cedff20999df2af8eb42d56 -> 
AssetImportWorkerClient::OnTransportError - code=2 error=End of file
